{"contracts/ERC20Mock.sol":{"l":{"18":21,"24":2},"path":"/Users/connor/Code/wom/git/wom-token-lock/contracts/ERC20Mock.sol","s":{"1":21,"2":2},"b":{},"f":{"1":21,"2":2},"fnMap":{"1":{"name":"constructor","line":16,"loc":{"start":{"line":14,"column":4},"end":{"line":19,"column":4}}},"2":{"name":"burn","line":21,"loc":{"start":{"line":21,"column":4},"end":{"line":25,"column":4}}}},"statementMap":{"1":{"start":{"line":18,"column":8},"end":{"line":18,"column":32}},"2":{"start":{"line":24,"column":8},"end":{"line":24,"column":25}}},"branchMap":{}},"contracts/WOMTokenLocker.sol":{"l":{"28":21,"41":11,"43":9,"44":9,"49":9,"60":4,"62":4,"64":2,"65":2,"67":2,"76":8,"78":8,"79":6,"81":4,"83":2,"84":2,"86":2},"path":"/Users/connor/Code/wom/git/wom-token-lock/contracts/WOMTokenLocker.sol","s":{"1":21,"2":11,"3":9,"4":9,"5":9,"6":4,"7":4,"8":2,"9":2,"10":8,"11":8,"12":6,"13":4,"14":2,"15":2},"b":{"1":[9,2],"2":[2,2],"3":[6,2],"4":[4,2],"5":[2,2]},"f":{"1":21,"2":11,"3":4,"4":8},"fnMap":{"1":{"name":"constructor","line":27,"loc":{"start":{"line":27,"column":4},"end":{"line":29,"column":4}}},"2":{"name":"addAllocation","line":39,"loc":{"start":{"line":37,"column":4},"end":{"line":50,"column":4}}},"3":{"name":"removeAllocation","line":58,"loc":{"start":{"line":56,"column":4},"end":{"line":68,"column":4}}},"4":{"name":"claimAllocation","line":73,"loc":{"start":{"line":73,"column":4},"end":{"line":87,"column":4}}}},"statementMap":{"1":{"start":{"line":28,"column":8},"end":{"line":28,"column":36}},"2":{"start":{"line":41,"column":8},"end":{"line":41,"column":118}},"3":{"start":{"line":43,"column":8},"end":{"line":43,"column":61}},"4":{"start":{"line":44,"column":8},"end":{"line":44,"column":1432}},"5":{"start":{"line":49,"column":8},"end":{"line":49,"column":57}},"6":{"start":{"line":60,"column":8},"end":{"line":60,"column":55}},"7":{"start":{"line":62,"column":8},"end":{"line":62,"column":74}},"8":{"start":{"line":65,"column":8},"end":{"line":65,"column":48}},"9":{"start":{"line":67,"column":8},"end":{"line":67,"column":42}},"10":{"start":{"line":76,"column":8},"end":{"line":76,"column":56}},"11":{"start":{"line":78,"column":8},"end":{"line":78,"column":84}},"12":{"start":{"line":79,"column":8},"end":{"line":79,"column":90}},"13":{"start":{"line":81,"column":8},"end":{"line":81,"column":125}},"14":{"start":{"line":84,"column":8},"end":{"line":84,"column":51}},"15":{"start":{"line":86,"column":8},"end":{"line":86,"column":71}}},"branchMap":{"1":{"line":41,"type":"if","locations":[{"start":{"line":41,"column":8},"end":{"line":41,"column":8}},{"start":{"line":41,"column":8},"end":{"line":41,"column":8}}]},"2":{"line":62,"type":"if","locations":[{"start":{"line":62,"column":8},"end":{"line":62,"column":8}},{"start":{"line":62,"column":8},"end":{"line":62,"column":8}}]},"3":{"line":78,"type":"if","locations":[{"start":{"line":78,"column":8},"end":{"line":78,"column":8}},{"start":{"line":78,"column":8},"end":{"line":78,"column":8}}]},"4":{"line":79,"type":"if","locations":[{"start":{"line":79,"column":8},"end":{"line":79,"column":8}},{"start":{"line":79,"column":8},"end":{"line":79,"column":8}}]},"5":{"line":81,"type":"if","locations":[{"start":{"line":81,"column":8},"end":{"line":81,"column":8}},{"start":{"line":81,"column":8},"end":{"line":81,"column":8}}]}}}}