TN:
SF:/Users/connor/Code/wom/git/wom-token-lock/contracts/ERC20Mock.sol
FN:16,constructor
FN:21,burn
FNF:2
FNH:2
FNDA:21,constructor
FNDA:2,burn
DA:18,21
DA:24,2
LF:2
LH:2
BRF:0
BRH:0
end_of_record
TN:
SF:/Users/connor/Code/wom/git/wom-token-lock/contracts/WOMTokenLocker.sol
FN:27,constructor
FN:39,addAllocation
FN:58,removeAllocation
FN:73,claimAllocation
FNF:4
FNH:4
FNDA:21,constructor
FNDA:11,addAllocation
FNDA:4,removeAllocation
FNDA:8,claimAllocation
DA:28,21
DA:41,11
DA:43,9
DA:44,9
DA:49,9
DA:60,4
DA:62,4
DA:64,2
DA:65,2
DA:67,2
DA:76,8
DA:78,8
DA:79,6
DA:81,4
DA:83,2
DA:84,2
DA:86,2
LF:17
LH:17
BRDA:41,1,0,9
BRDA:41,1,1,2
BRDA:62,2,0,2
BRDA:62,2,1,2
BRDA:78,3,0,6
BRDA:78,3,1,2
BRDA:79,4,0,4
BRDA:79,4,1,2
BRDA:81,5,0,2
BRDA:81,5,1,2
BRF:10
BRH:10
end_of_record
